2025-12-01T15:27:24.001+07:00  INFO 11816 --- [Web Backend Demo] [main] u.ie303.demo.WebBackendDemoApplication   : Starting WebBackendDemoApplication using Java 21.0.8 with PID 11816 (D:\cong nghe thong tin\2025_HK1\CongngheJava\Java\backend\spring_java_backend\target\classes started by Hoang Yen in D:\cong nghe thong tin\2025_HK1\CongngheJava\Java)
2025-12-01T15:27:24.025+07:00  INFO 11816 --- [Web Backend Demo] [main] u.ie303.demo.WebBackendDemoApplication   : No active profile set, falling back to 1 default profile: "default"
2025-12-01T15:27:25.176+07:00  INFO 11816 --- [Web Backend Demo] [main] .s.d.r.c.RepositoryConfigurationDelegate : Bootstrapping Spring Data JPA repositories in DEFAULT mode.
2025-12-01T15:27:25.245+07:00  INFO 11816 --- [Web Backend Demo] [main] .s.d.r.c.RepositoryConfigurationDelegate : Finished Spring Data repository scanning in 57 ms. Found 1 JPA repository interface.
2025-12-01T15:27:25.899+07:00  INFO 11816 --- [Web Backend Demo] [main] o.s.b.w.embedded.tomcat.TomcatWebServer  : Tomcat initialized with port 8080 (http)
2025-12-01T15:27:25.916+07:00  INFO 11816 --- [Web Backend Demo] [main] o.apache.catalina.core.StandardService   : Starting service [Tomcat]
2025-12-01T15:27:25.917+07:00  INFO 11816 --- [Web Backend Demo] [main] o.apache.catalina.core.StandardEngine    : Starting Servlet engine: [Apache Tomcat/10.1.46]
2025-12-01T15:27:25.988+07:00  INFO 11816 --- [Web Backend Demo] [main] o.a.c.c.C.[Tomcat].[localhost].[/]       : Initializing Spring embedded WebApplicationContext
2025-12-01T15:27:25.990+07:00  INFO 11816 --- [Web Backend Demo] [main] w.s.c.ServletWebServerApplicationContext : Root WebApplicationContext: initialization completed in 1892 ms
2025-12-01T15:27:26.288+07:00  INFO 11816 --- [Web Backend Demo] [main] com.zaxxer.hikari.HikariDataSource       : HikariPool-1 - Starting...
2025-12-01T15:27:26.927+07:00  INFO 11816 --- [Web Backend Demo] [main] com.zaxxer.hikari.pool.HikariPool        : HikariPool-1 - Added connection ConnectionID:1 ClientConnectionId: 1e5d4510-ecf5-4004-90ac-04fff103afde
2025-12-01T15:27:26.930+07:00  INFO 11816 --- [Web Backend Demo] [main] com.zaxxer.hikari.HikariDataSource       : HikariPool-1 - Start completed.
2025-12-01T15:27:27.102+07:00  INFO 11816 --- [Web Backend Demo] [main] o.hibernate.jpa.internal.util.LogHelper  : HHH000204: Processing PersistenceUnitInfo [name: default]
2025-12-01T15:27:27.216+07:00  INFO 11816 --- [Web Backend Demo] [main] org.hibernate.Version                    : HHH000412: Hibernate ORM core version 6.6.29.Final
2025-12-01T15:27:27.281+07:00  INFO 11816 --- [Web Backend Demo] [main] o.h.c.internal.RegionFactoryInitiator    : HHH000026: Second-level cache disabled
2025-12-01T15:27:27.685+07:00  INFO 11816 --- [Web Backend Demo] [main] o.s.o.j.p.SpringPersistenceUnitInfo      : No LoadTimeWeaver setup: ignoring JPA class transformer
2025-12-01T15:27:27.942+07:00  WARN 11816 --- [Web Backend Demo] [main] org.hibernate.orm.deprecation            : HHH90000025: SQLServerDialect does not need to be specified explicitly using 'hibernate.dialect' (remove the property setting and it will be selected by default)
2025-12-01T15:27:27.961+07:00  INFO 11816 --- [Web Backend Demo] [main] org.hibernate.orm.connections.pooling    : HHH10001005: Database info:
	Database JDBC URL [Connecting through datasource 'HikariDataSource (HikariPool-1)']
	Database driver: undefined/unknown
	Database version: 16.0
	Autocommit mode: undefined/unknown
	Isolation level: undefined/unknown
	Minimum pool size: undefined/unknown
	Maximum pool size: undefined/unknown
2025-12-01T15:27:28.628+07:00  INFO 11816 --- [Web Backend Demo] [main] o.h.e.t.j.p.i.JtaPlatformInitiator       : HHH000489: No JTA platform available (set 'hibernate.transaction.jta.platform' to enable JTA platform integration)
2025-12-01T15:27:28.630+07:00  INFO 11816 --- [Web Backend Demo] [main] j.LocalContainerEntityManagerFactoryBean : Initialized JPA EntityManagerFactory for persistence unit 'default'
2025-12-01T15:27:28.755+07:00  WARN 11816 --- [Web Backend Demo] [main] JpaBaseConfiguration$JpaWebConfiguration : spring.jpa.open-in-view is enabled by default. Therefore, database queries may be performed during view rendering. Explicitly configure spring.jpa.open-in-view to disable this warning
2025-12-01T15:27:28.883+07:00 DEBUG 11816 --- [Web Backend Demo] [main] s.w.s.m.m.a.RequestMappingHandlerMapping : 10 mappings in 'requestMappingHandlerMapping'
2025-12-01T15:27:29.009+07:00 DEBUG 11816 --- [Web Backend Demo] [main] o.s.w.s.handler.SimpleUrlHandlerMapping  : Patterns [/webjars/**, /**] in 'resourceHandlerMapping'
2025-12-01T15:27:29.044+07:00 DEBUG 11816 --- [Web Backend Demo] [main] s.w.s.m.m.a.RequestMappingHandlerAdapter : ControllerAdvice beans: 0 @ModelAttribute, 0 @InitBinder, 1 RequestBodyAdvice, 1 ResponseBodyAdvice
2025-12-01T15:27:29.117+07:00 DEBUG 11816 --- [Web Backend Demo] [main] .m.m.a.ExceptionHandlerExceptionResolver : ControllerAdvice beans: 0 @ExceptionHandler, 1 ResponseBodyAdvice
2025-12-01T15:27:29.577+07:00  INFO 11816 --- [Web Backend Demo] [main] o.s.b.w.embedded.tomcat.TomcatWebServer  : Tomcat started on port 8080 (http) with context path '/'
2025-12-01T15:27:29.588+07:00  INFO 11816 --- [Web Backend Demo] [main] u.ie303.demo.WebBackendDemoApplication   : Started WebBackendDemoApplication in 6.08 seconds (process running for 6.521)
2025-12-01T15:27:34.689+07:00  INFO 11816 --- [Web Backend Demo] [http-nio-8080-exec-1] o.a.c.c.C.[Tomcat].[localhost].[/]       : Initializing Spring DispatcherServlet 'dispatcherServlet'
2025-12-01T15:27:34.690+07:00  INFO 11816 --- [Web Backend Demo] [http-nio-8080-exec-1] o.s.web.servlet.DispatcherServlet        : Initializing Servlet 'dispatcherServlet'
2025-12-01T15:27:34.693+07:00 DEBUG 11816 --- [Web Backend Demo] [http-nio-8080-exec-1] o.s.web.servlet.DispatcherServlet        : Detected StandardServletMultipartResolver
2025-12-01T15:27:34.694+07:00 DEBUG 11816 --- [Web Backend Demo] [http-nio-8080-exec-1] o.s.web.servlet.DispatcherServlet        : Detected AcceptHeaderLocaleResolver
2025-12-01T15:27:34.695+07:00 DEBUG 11816 --- [Web Backend Demo] [http-nio-8080-exec-1] o.s.web.servlet.DispatcherServlet        : Detected FixedThemeResolver
2025-12-01T15:27:34.697+07:00 DEBUG 11816 --- [Web Backend Demo] [http-nio-8080-exec-1] o.s.web.servlet.DispatcherServlet        : Detected org.springframework.web.servlet.view.DefaultRequestToViewNameTranslator@5e6bbe63
2025-12-01T15:27:34.702+07:00 DEBUG 11816 --- [Web Backend Demo] [http-nio-8080-exec-1] o.s.web.servlet.DispatcherServlet        : Detected org.springframework.web.servlet.support.SessionFlashMapManager@68f1b89
2025-12-01T15:27:34.705+07:00 DEBUG 11816 --- [Web Backend Demo] [http-nio-8080-exec-1] o.s.web.servlet.DispatcherServlet        : enableLoggingRequestDetails='false': request parameters and headers will be masked to prevent unsafe logging of potentially sensitive data
2025-12-01T15:27:34.707+07:00  INFO 11816 --- [Web Backend Demo] [http-nio-8080-exec-1] o.s.web.servlet.DispatcherServlet        : Completed initialization in 14 ms
2025-12-01T15:27:34.749+07:00 DEBUG 11816 --- [Web Backend Demo] [http-nio-8080-exec-1] o.s.web.servlet.DispatcherServlet        : OPTIONS "/api/reservation/search", parameters={}
2025-12-01T15:27:34.784+07:00 DEBUG 11816 --- [Web Backend Demo] [http-nio-8080-exec-1] s.w.s.m.m.a.RequestMappingHandlerMapping : Mapped to uit.ie303.demo.controller.RoomSearchController#searchReservation(ReservationRequest)
2025-12-01T15:27:34.843+07:00 DEBUG 11816 --- [Web Backend Demo] [http-nio-8080-exec-1] o.s.web.servlet.DispatcherServlet        : Completed 200 OK
2025-12-01T15:27:34.861+07:00 DEBUG 11816 --- [Web Backend Demo] [http-nio-8080-exec-4] o.s.web.servlet.DispatcherServlet        : POST "/api/reservation/search", parameters={}
2025-12-01T15:27:34.866+07:00 DEBUG 11816 --- [Web Backend Demo] [http-nio-8080-exec-4] s.w.s.m.m.a.RequestMappingHandlerMapping : Mapped to uit.ie303.demo.controller.RoomSearchController#searchReservation(ReservationRequest)
2025-12-01T15:27:35.027+07:00 DEBUG 11816 --- [Web Backend Demo] [http-nio-8080-exec-4] m.m.a.RequestResponseBodyMethodProcessor : Read "application/json;charset=UTF-8" to [ReservationRequest{checkIn='2025-12-01', checkOut='2025-12-02', rooms='1', adults=1, children=0}]
2025-12-01T15:27:35.246+07:00 DEBUG 11816 --- [Web Backend Demo] [http-nio-8080-exec-4] o.s.w.s.m.m.a.HttpEntityMethodProcessor  : Using 'application/json', given [*/*] and supported [application/json, application/*+json]
2025-12-01T15:27:35.250+07:00 DEBUG 11816 --- [Web Backend Demo] [http-nio-8080-exec-4] o.s.w.s.m.m.a.HttpEntityMethodProcessor  : Writing [[uit.ie303.demo.model.RoomDTO@4408da14, uit.ie303.demo.model.RoomDTO@73e51753, uit.ie303.demo.model. (truncated)...]
2025-12-01T15:27:35.293+07:00 DEBUG 11816 --- [Web Backend Demo] [http-nio-8080-exec-4] o.s.web.servlet.DispatcherServlet        : Completed 200 OK
2025-12-01T15:30:32.496+07:00 DEBUG 11816 --- [Web Backend Demo] [http-nio-8080-exec-2] o.s.web.servlet.DispatcherServlet        : GET "/api/hotel/info", parameters={}
2025-12-01T15:30:32.499+07:00 DEBUG 11816 --- [Web Backend Demo] [http-nio-8080-exec-2] s.w.s.m.m.a.RequestMappingHandlerMapping : Mapped to uit.ie303.demo.controller.HotelInfoController#getHotelInfo()
2025-12-01T15:30:32.506+07:00 DEBUG 11816 --- [Web Backend Demo] [http-nio-8080-exec-2] o.s.w.s.m.m.a.HttpEntityMethodProcessor  : Using 'application/json', given [*/*] and supported [application/json, application/*+json]
2025-12-01T15:30:32.514+07:00 DEBUG 11816 --- [Web Backend Demo] [http-nio-8080-exec-2] o.s.w.s.m.m.a.HttpEntityMethodProcessor  : Writing [{address=Han Thuyen Street, Thu Duc Ward, HCMC, name=Diamond Land Hotel, location={lng=106.772, lat= (truncated)...]
2025-12-01T15:30:32.539+07:00 DEBUG 11816 --- [Web Backend Demo] [http-nio-8080-exec-2] o.s.web.servlet.DispatcherServlet        : Completed 200 OK
2025-12-01T15:33:29.697+07:00 DEBUG 11816 --- [Web Backend Demo] [http-nio-8080-exec-6] o.s.web.servlet.DispatcherServlet        : GET "/api/hotel/info", parameters={}
2025-12-01T15:33:29.699+07:00 DEBUG 11816 --- [Web Backend Demo] [http-nio-8080-exec-6] s.w.s.m.m.a.RequestMappingHandlerMapping : Mapped to uit.ie303.demo.controller.HotelInfoController#getHotelInfo()
2025-12-01T15:33:29.704+07:00 DEBUG 11816 --- [Web Backend Demo] [http-nio-8080-exec-6] o.s.w.s.m.m.a.HttpEntityMethodProcessor  : Using 'application/json', given [*/*] and supported [application/json, application/*+json]
2025-12-01T15:33:29.710+07:00 DEBUG 11816 --- [Web Backend Demo] [http-nio-8080-exec-6] o.s.w.s.m.m.a.HttpEntityMethodProcessor  : Writing [{address=Han Thuyen Street, Thu Duc Ward, HCMC, name=Diamond Land Hotel, location={lng=106.772, lat= (truncated)...]
2025-12-01T15:33:29.719+07:00 DEBUG 11816 --- [Web Backend Demo] [http-nio-8080-exec-6] o.s.web.servlet.DispatcherServlet        : Completed 200 OK
2025-12-01T15:35:39.209+07:00 DEBUG 11816 --- [Web Backend Demo] [http-nio-8080-exec-7] o.s.web.servlet.DispatcherServlet        : GET "/api/hotel/info", parameters={}
2025-12-01T15:35:39.210+07:00 DEBUG 11816 --- [Web Backend Demo] [http-nio-8080-exec-7] s.w.s.m.m.a.RequestMappingHandlerMapping : Mapped to uit.ie303.demo.controller.HotelInfoController#getHotelInfo()
2025-12-01T15:35:39.212+07:00 DEBUG 11816 --- [Web Backend Demo] [http-nio-8080-exec-7] o.s.w.s.m.m.a.HttpEntityMethodProcessor  : Using 'application/json', given [*/*] and supported [application/json, application/*+json]
2025-12-01T15:35:39.213+07:00 DEBUG 11816 --- [Web Backend Demo] [http-nio-8080-exec-7] o.s.w.s.m.m.a.HttpEntityMethodProcessor  : Writing [{address=Han Thuyen Street, Thu Duc Ward, HCMC, name=Diamond Land Hotel, location={lng=106.772, lat= (truncated)...]
2025-12-01T15:35:39.217+07:00 DEBUG 11816 --- [Web Backend Demo] [http-nio-8080-exec-7] o.s.web.servlet.DispatcherServlet        : Completed 200 OK
2025-12-01T15:37:23.563+07:00 DEBUG 11816 --- [Web Backend Demo] [http-nio-8080-exec-10] o.s.web.servlet.DispatcherServlet        : GET "/api/hotel/info", parameters={}
2025-12-01T15:37:23.564+07:00 DEBUG 11816 --- [Web Backend Demo] [http-nio-8080-exec-10] s.w.s.m.m.a.RequestMappingHandlerMapping : Mapped to uit.ie303.demo.controller.HotelInfoController#getHotelInfo()
2025-12-01T15:37:23.567+07:00 DEBUG 11816 --- [Web Backend Demo] [http-nio-8080-exec-10] o.s.w.s.m.m.a.HttpEntityMethodProcessor  : Using 'application/json', given [*/*] and supported [application/json, application/*+json]
2025-12-01T15:37:23.568+07:00 DEBUG 11816 --- [Web Backend Demo] [http-nio-8080-exec-10] o.s.w.s.m.m.a.HttpEntityMethodProcessor  : Writing [{address=Han Thuyen Street, Thu Duc Ward, HCMC, name=Diamond Land Hotel, location={lng=106.772, lat= (truncated)...]
2025-12-01T15:37:23.578+07:00 DEBUG 11816 --- [Web Backend Demo] [http-nio-8080-exec-10] o.s.web.servlet.DispatcherServlet        : Completed 200 OK
2025-12-01T15:39:03.781+07:00 DEBUG 11816 --- [Web Backend Demo] [http-nio-8080-exec-4] o.s.web.servlet.DispatcherServlet        : GET "/api/hotel/info", parameters={}
2025-12-01T15:39:03.783+07:00 DEBUG 11816 --- [Web Backend Demo] [http-nio-8080-exec-4] s.w.s.m.m.a.RequestMappingHandlerMapping : Mapped to uit.ie303.demo.controller.HotelInfoController#getHotelInfo()
2025-12-01T15:39:03.785+07:00 DEBUG 11816 --- [Web Backend Demo] [http-nio-8080-exec-4] o.s.w.s.m.m.a.HttpEntityMethodProcessor  : Using 'application/json', given [*/*] and supported [application/json, application/*+json]
2025-12-01T15:39:03.786+07:00 DEBUG 11816 --- [Web Backend Demo] [http-nio-8080-exec-4] o.s.w.s.m.m.a.HttpEntityMethodProcessor  : Writing [{address=Han Thuyen Street, Thu Duc Ward, HCMC, name=Diamond Land Hotel, location={lng=106.772, lat= (truncated)...]
2025-12-01T15:39:03.788+07:00 DEBUG 11816 --- [Web Backend Demo] [http-nio-8080-exec-4] o.s.web.servlet.DispatcherServlet        : Completed 200 OK
2025-12-01T15:39:10.654+07:00 DEBUG 11816 --- [Web Backend Demo] [http-nio-8080-exec-3] o.s.web.servlet.DispatcherServlet        : GET "/api/hotel/info", parameters={}
2025-12-01T15:39:10.656+07:00 DEBUG 11816 --- [Web Backend Demo] [http-nio-8080-exec-3] s.w.s.m.m.a.RequestMappingHandlerMapping : Mapped to uit.ie303.demo.controller.HotelInfoController#getHotelInfo()
2025-12-01T15:39:10.656+07:00 DEBUG 11816 --- [Web Backend Demo] [http-nio-8080-exec-3] o.s.w.s.m.m.a.HttpEntityMethodProcessor  : Using 'application/json', given [*/*] and supported [application/json, application/*+json]
2025-12-01T15:39:10.660+07:00 DEBUG 11816 --- [Web Backend Demo] [http-nio-8080-exec-3] o.s.w.s.m.m.a.HttpEntityMethodProcessor  : Writing [{address=Han Thuyen Street, Thu Duc Ward, HCMC, name=Diamond Land Hotel, location={lng=106.772, lat= (truncated)...]
2025-12-01T15:39:10.665+07:00 DEBUG 11816 --- [Web Backend Demo] [http-nio-8080-exec-3] o.s.web.servlet.DispatcherServlet        : Completed 200 OK
2025-12-01T15:39:32.404+07:00 DEBUG 11816 --- [Web Backend Demo] [http-nio-8080-exec-2] o.s.web.servlet.DispatcherServlet        : GET "/api/hotel/info", parameters={}
2025-12-01T15:39:32.404+07:00 DEBUG 11816 --- [Web Backend Demo] [http-nio-8080-exec-2] s.w.s.m.m.a.RequestMappingHandlerMapping : Mapped to uit.ie303.demo.controller.HotelInfoController#getHotelInfo()
2025-12-01T15:39:32.408+07:00 DEBUG 11816 --- [Web Backend Demo] [http-nio-8080-exec-2] o.s.w.s.m.m.a.HttpEntityMethodProcessor  : Using 'application/json', given [*/*] and supported [application/json, application/*+json]
2025-12-01T15:39:32.409+07:00 DEBUG 11816 --- [Web Backend Demo] [http-nio-8080-exec-2] o.s.w.s.m.m.a.HttpEntityMethodProcessor  : Writing [{address=Han Thuyen Street, Thu Duc Ward, HCMC, name=Diamond Land Hotel, location={lng=106.772, lat= (truncated)...]
2025-12-01T15:39:32.412+07:00 DEBUG 11816 --- [Web Backend Demo] [http-nio-8080-exec-2] o.s.web.servlet.DispatcherServlet        : Completed 200 OK
2025-12-01T15:45:47.236+07:00 DEBUG 11816 --- [Web Backend Demo] [http-nio-8080-exec-6] o.s.web.servlet.DispatcherServlet        : GET "/api/feedback/all", parameters={}
2025-12-01T15:45:47.238+07:00 DEBUG 11816 --- [Web Backend Demo] [http-nio-8080-exec-6] s.w.s.m.m.a.RequestMappingHandlerMapping : Mapped to uit.ie303.demo.controller.FeedbackController#getAll()
2025-12-01T15:45:47.309+07:00 DEBUG 11816 --- [Web Backend Demo] [http-nio-8080-exec-6] o.s.w.s.m.m.a.HttpEntityMethodProcessor  : Using 'application/json', given [*/*] and supported [application/json, application/*+json]
2025-12-01T15:45:47.310+07:00 DEBUG 11816 --- [Web Backend Demo] [http-nio-8080-exec-6] o.s.w.s.m.m.a.HttpEntityMethodProcessor  : Writing [[uit.ie303.demo.model.FeedbackDTO@172bf22a, uit.ie303.demo.model.FeedbackDTO@12d10f61]]
2025-12-01T15:45:47.319+07:00 DEBUG 11816 --- [Web Backend Demo] [http-nio-8080-exec-6] o.s.web.servlet.DispatcherServlet        : Completed 200 OK
2025-12-01T15:46:02.312+07:00 DEBUG 11816 --- [Web Backend Demo] [http-nio-8080-exec-8] o.s.web.servlet.DispatcherServlet        : POST "/api/reservation/search", parameters={}
2025-12-01T15:46:02.313+07:00 DEBUG 11816 --- [Web Backend Demo] [http-nio-8080-exec-8] s.w.s.m.m.a.RequestMappingHandlerMapping : Mapped to uit.ie303.demo.controller.RoomSearchController#searchReservation(ReservationRequest)
2025-12-01T15:46:02.316+07:00 DEBUG 11816 --- [Web Backend Demo] [http-nio-8080-exec-8] m.m.a.RequestResponseBodyMethodProcessor : Read "application/json;charset=UTF-8" to [ReservationRequest{checkIn='2025-12-01', checkOut='2025-12-02', rooms='1', adults=1, children=0}]
2025-12-01T15:46:02.454+07:00 DEBUG 11816 --- [Web Backend Demo] [http-nio-8080-exec-8] o.s.w.s.m.m.a.HttpEntityMethodProcessor  : Using 'application/json', given [*/*] and supported [application/json, application/*+json]
2025-12-01T15:46:02.456+07:00 DEBUG 11816 --- [Web Backend Demo] [http-nio-8080-exec-8] o.s.w.s.m.m.a.HttpEntityMethodProcessor  : Writing [[uit.ie303.demo.model.RoomDTO@52d2c31d, uit.ie303.demo.model.RoomDTO@56ed5d9f, uit.ie303.demo.model. (truncated)...]
2025-12-01T15:46:02.460+07:00 DEBUG 11816 --- [Web Backend Demo] [http-nio-8080-exec-8] o.s.web.servlet.DispatcherServlet        : Completed 200 OK
